<?xml version="1.0" encoding="UTF-8"?>
<testsuite xmlns:xsi="http://www.w3.org/2001/XMLSchema-instance" xsi:noNamespaceSchemaLocation="https://maven.apache.org/surefire/maven-surefire-plugin/xsd/surefire-test-report.xsd" name="com.company.RunCucumberTest" time="21.279" tests="9" errors="0" skipped="0" failures="3">
  <properties>
[...]
</properties>
  <testcase name="Ping API" classname="REST - Ping Api" time="7.49"/>
  <testcase name="Crear un Libro Satisfactoriamente" classname="REST - Crear un libro" time="1.949"/>
  <testcase name="Crear un Libro caso con error" classname="REST - Crear un libro" time="1.28"/>
  <testcase name="Eliminar detalle de Libro por Id" classname="Rest - Eliminar Libro" time="1.337">
    <failure message="1 expectation failed.&#10;Expected status code &lt;200&gt; but was &lt;403&gt;.&#10;" type="java.lang.AssertionError"><![CDATA[java.lang.AssertionError: 
1 expectation failed.
Expected status code <200> but was <403>.

]]></failure>
    <system-out><![CDATA[
@ApiRest
Scenario: Eliminar detalle de Libro por Id                              # src/test/resources/com.company/eliminar-libro.feature:3
HTTP/1.1 200 OK
Server: Cowboy
Connection: keep-alive
X-Powered-By: Express
Content-Type: application/json; charset=utf-8
Content-Length: 27
Etag: W/"1b-ZW4m2zlHQ+ZtmhD8pITcO0Wp1D4"
Date: Tue, 24 Jan 2023 04:11:40 GMT
Via: 1.1 vegur

{
    "token": "bc0510ead1facd0"
}
  Given el sistema esta listo entonces enviamos un request              # com.company.stepdefs.CommonStepdefs.elSistemaEstaListoEntoncesEnviamosUnRequest()
  When el sistema envia un request al servicio de Eliminar Libro por Id # com.company.stepdefs.EliminarLibroStepdefs.elSistemaEnviaUnRequestAlServicioDeEliminarLibroPorId(java.util.Map<java.lang.String, java.lang.String>)
    | bookingId | 276 |
HTTP/1.1 403 Forbidden
Server: Cowboy
Connection: keep-alive
X-Powered-By: Express
Content-Type: text/plain; charset=utf-8
Content-Length: 9
Etag: W/"9-PatfYBLj4Um1qTm5zrukoLhNyPU"
Date: Tue, 24 Jan 2023 04:11:41 GMT
Via: 1.1 vegur

Forbidden
  Then el response Status deberia ser 200                               # com.company.stepdefs.CommonStepdefs.elResponseStatusDeberiaSer(int)
      java.lang.AssertionError: 1 expectation failed.
Expected status code <200> but was <403>.

	at sun.reflect.NativeConstructorAccessorImpl.newInstance0(Native Method)
	at sun.reflect.NativeConstructorAccessorImpl.newInstance(NativeConstructorAccessorImpl.java:62)
	at sun.reflect.DelegatingConstructorAccessorImpl.newInstance(DelegatingConstructorAccessorImpl.java:45)
	at java.lang.reflect.Constructor.newInstance(Constructor.java:423)
	at org.codehaus.groovy.reflection.CachedConstructor.invoke(CachedConstructor.java:72)
	at org.codehaus.groovy.reflection.CachedConstructor.doConstructorInvoke(CachedConstructor.java:59)
	at org.codehaus.groovy.runtime.callsite.ConstructorSite$ConstructorSiteNoUnwrap.callConstructor(ConstructorSite.java:84)
	at org.codehaus.groovy.runtime.callsite.CallSiteArray.defaultCallConstructor(CallSiteArray.java:59)
	at org.codehaus.groovy.runtime.callsite.AbstractCallSite.callConstructor(AbstractCallSite.java:263)
	at org.codehaus.groovy.runtime.callsite.AbstractCallSite.callConstructor(AbstractCallSite.java:277)
	at io.restassured.internal.ResponseSpecificationImpl$HamcrestAssertionClosure.validate(ResponseSpecificationImpl.groovy:493)
	at io.restassured.internal.ResponseSpecificationImpl$HamcrestAssertionClosure$validate$1.call(Unknown Source)
	at io.restassured.internal.ResponseSpecificationImpl.validateResponseIfRequired(ResponseSpecificationImpl.groovy:674)
	at sun.reflect.NativeMethodAccessorImpl.invoke0(Native Method)
	at sun.reflect.NativeMethodAccessorImpl.invoke(NativeMethodAccessorImpl.java:62)
	at sun.reflect.DelegatingMethodAccessorImpl.invoke(DelegatingMethodAccessorImpl.java:43)
	at java.lang.reflect.Method.invoke(Method.java:498)
	at org.codehaus.groovy.runtime.callsite.PlainObjectMetaMethodSite.doInvoke(PlainObjectMetaMethodSite.java:43)
	at org.codehaus.groovy.runtime.callsite.PogoMetaMethodSite$PogoCachedMethodSiteNoUnwrapNoCoerce.invoke(PogoMetaMethodSite.java:193)
	at org.codehaus.groovy.runtime.callsite.PogoMetaMethodSite.callCurrent(PogoMetaMethodSite.java:61)
	at org.codehaus.groovy.runtime.callsite.AbstractCallSite.callCurrent(AbstractCallSite.java:185)
	at io.restassured.internal.ResponseSpecificationImpl.statusCode(ResponseSpecificationImpl.groovy:126)
	at io.restassured.specification.ResponseSpecification$statusCode$0.callCurrent(Unknown Source)
	at io.restassured.internal.ResponseSpecificationImpl.statusCode(ResponseSpecificationImpl.groovy:134)
	at io.restassured.internal.ValidatableResponseOptionsImpl.statusCode(ValidatableResponseOptionsImpl.java:89)
	at io.restassured.internal.ValidatableResponseImpl.super$2$statusCode(ValidatableResponseImpl.groovy)
	at sun.reflect.NativeMethodAccessorImpl.invoke0(Native Method)
	at sun.reflect.NativeMethodAccessorImpl.invoke(NativeMethodAccessorImpl.java:62)
	at sun.reflect.DelegatingMethodAccessorImpl.invoke(DelegatingMethodAccessorImpl.java:43)
	at java.lang.reflect.Method.invoke(Method.java:498)
	at org.codehaus.groovy.reflection.CachedMethod.invoke(CachedMethod.java:107)
	at groovy.lang.MetaMethod.doMethodInvoke(MetaMethod.java:323)
	at groovy.lang.MetaClassImpl.invokeMethod(MetaClassImpl.java:1262)
	at org.codehaus.groovy.runtime.ScriptBytecodeAdapter.invokeMethodOnSuperN(ScriptBytecodeAdapter.java:144)
	at io.restassured.internal.ValidatableResponseImpl.statusCode(ValidatableResponseImpl.groovy:142)
	at io.restassured.internal.ValidatableResponseImpl.statusCode(ValidatableResponseImpl.groovy)
	at com.company.stepdefs.CommonStepdefs.elResponseStatusDeberiaSer(CommonStepdefs.java:28)
	at âœ½.el response Status deberia ser 200(file:///D:/Restful_Booker_Julio/Restfulbooking_Cucumber/Restfulbooking_Cucumber/src/test/resources/com.company/eliminar-libro.feature:7)

-----------------End of Scenario-----------------
This will run after the every Scenario
]]></system-out>
  </testcase>
  <testcase name="Obtener id de libros" classname="REST - Obtener los id Libro y  detalle de libro por ID" time="2.149"/>
  <testcase name="Obtener detalle de Libro por Id" classname="REST - Obtener los id Libro y  detalle de libro por ID" time="1.002"/>
  <testcase name="Logueo Correcto" classname="REST - Logueo" time="1.535"/>
  <testcase name="Actualizar un Libro Satisfactoriamente" classname="REST - Actualizar un Libro-PUT y PATCH" time="1.647">
    <failure message="1 expectation failed.&#10;Expected status code &lt;200&gt; but was &lt;403&gt;.&#10;" type="java.lang.AssertionError"><![CDATA[java.lang.AssertionError: 
1 expectation failed.
Expected status code <200> but was <403>.

]]></failure>
    <system-out><![CDATA[
@ApiRest
Scenario: Actualizar un Libro Satisfactoriamente                   # src/test/resources/com.company/put-patch-libro.feature:3
HTTP/1.1 200 OK
Server: Cowboy
Connection: keep-alive
X-Powered-By: Express
Content-Type: application/json; charset=utf-8
Content-Length: 27
Etag: W/"1b-dJraHKz5z13O2PBqQJJRU1IjpWQ"
Date: Tue, 24 Jan 2023 04:11:46 GMT
Via: 1.1 vegur

{
    "token": "8732be3f7512886"
}
  Given el sistema esta listo entonces enviamos un request         # com.company.stepdefs.CommonStepdefs.elSistemaEstaListoEntoncesEnviamosUnRequest()
  When el sistema envia un request al servicio de Actualizar Libro # com.company.stepdefs.ActualizarLibroStepdefs.elSistemaEnviaUnRequestAlServicioDeActualizarLibro(java.util.Map<java.lang.String, java.lang.String>)
    | firstname       | Miguel                        |
    | lastname        | Reyes                         |
    | totalprice      | 125                           |
    | depositpaid     | true                          |
    | checkin         | 2018-01-01                    |
    | checkout        | 2019-01-01                    |
    | additionalneeds | Prueba Cucumber Actualizacion |
HTTP/1.1 403 Forbidden
Server: Cowboy
Connection: keep-alive
X-Powered-By: Express
Content-Type: text/plain; charset=utf-8
Content-Length: 9
Etag: W/"9-PatfYBLj4Um1qTm5zrukoLhNyPU"
Date: Tue, 24 Jan 2023 04:11:47 GMT
Via: 1.1 vegur

Forbidden
  Then el response Status deberia ser 200                          # com.company.stepdefs.CommonStepdefs.elResponseStatusDeberiaSer(int)
      java.lang.AssertionError: 1 expectation failed.
Expected status code <200> but was <403>.

	at sun.reflect.NativeConstructorAccessorImpl.newInstance0(Native Method)
	at sun.reflect.NativeConstructorAccessorImpl.newInstance(NativeConstructorAccessorImpl.java:62)
	at sun.reflect.DelegatingConstructorAccessorImpl.newInstance(DelegatingConstructorAccessorImpl.java:45)
	at java.lang.reflect.Constructor.newInstance(Constructor.java:423)
	at org.codehaus.groovy.reflection.CachedConstructor.invoke(CachedConstructor.java:72)
	at org.codehaus.groovy.reflection.CachedConstructor.doConstructorInvoke(CachedConstructor.java:59)
	at org.codehaus.groovy.runtime.callsite.ConstructorSite$ConstructorSiteNoUnwrap.callConstructor(ConstructorSite.java:84)
	at org.codehaus.groovy.runtime.callsite.AbstractCallSite.callConstructor(AbstractCallSite.java:277)
	at io.restassured.internal.ResponseSpecificationImpl$HamcrestAssertionClosure.validate(ResponseSpecificationImpl.groovy:493)
	at io.restassured.internal.ResponseSpecificationImpl$HamcrestAssertionClosure$validate$1.call(Unknown Source)
	at io.restassured.internal.ResponseSpecificationImpl.validateResponseIfRequired(ResponseSpecificationImpl.groovy:674)
	at sun.reflect.NativeMethodAccessorImpl.invoke0(Native Method)
	at sun.reflect.NativeMethodAccessorImpl.invoke(NativeMethodAccessorImpl.java:62)
	at sun.reflect.DelegatingMethodAccessorImpl.invoke(DelegatingMethodAccessorImpl.java:43)
	at java.lang.reflect.Method.invoke(Method.java:498)
	at org.codehaus.groovy.runtime.callsite.PlainObjectMetaMethodSite.doInvoke(PlainObjectMetaMethodSite.java:43)
	at org.codehaus.groovy.runtime.callsite.PogoMetaMethodSite$PogoCachedMethodSiteNoUnwrapNoCoerce.invoke(PogoMetaMethodSite.java:193)
	at org.codehaus.groovy.runtime.callsite.PogoMetaMethodSite.callCurrent(PogoMetaMethodSite.java:61)
	at org.codehaus.groovy.runtime.callsite.AbstractCallSite.callCurrent(AbstractCallSite.java:185)
	at io.restassured.internal.ResponseSpecificationImpl.statusCode(ResponseSpecificationImpl.groovy:126)
	at io.restassured.specification.ResponseSpecification$statusCode$0.callCurrent(Unknown Source)
	at io.restassured.internal.ResponseSpecificationImpl.statusCode(ResponseSpecificationImpl.groovy:134)
	at io.restassured.internal.ValidatableResponseOptionsImpl.statusCode(ValidatableResponseOptionsImpl.java:89)
	at io.restassured.internal.ValidatableResponseImpl.super$2$statusCode(ValidatableResponseImpl.groovy)
	at sun.reflect.NativeMethodAccessorImpl.invoke0(Native Method)
	at sun.reflect.NativeMethodAccessorImpl.invoke(NativeMethodAccessorImpl.java:62)
	at sun.reflect.DelegatingMethodAccessorImpl.invoke(DelegatingMethodAccessorImpl.java:43)
	at java.lang.reflect.Method.invoke(Method.java:498)
	at org.codehaus.groovy.reflection.CachedMethod.invoke(CachedMethod.java:107)
	at groovy.lang.MetaMethod.doMethodInvoke(MetaMethod.java:323)
	at groovy.lang.MetaClassImpl.invokeMethod(MetaClassImpl.java:1262)
	at org.codehaus.groovy.runtime.ScriptBytecodeAdapter.invokeMethodOnSuperN(ScriptBytecodeAdapter.java:144)
	at io.restassured.internal.ValidatableResponseImpl.statusCode(ValidatableResponseImpl.groovy:142)
	at io.restassured.internal.ValidatableResponseImpl.statusCode(ValidatableResponseImpl.groovy)
	at com.company.stepdefs.CommonStepdefs.elResponseStatusDeberiaSer(CommonStepdefs.java:28)
	at âœ½.el response Status deberia ser 200(file:///D:/Restful_Booker_Julio/Restfulbooking_Cucumber/Restfulbooking_Cucumber/src/test/resources/com.company/put-patch-libro.feature:13)

-----------------End of Scenario-----------------
This will run after the every Scenario
]]></system-out>
  </testcase>
  <testcase name="Actualizar un Libro Parcial" classname="REST - Actualizar un Libro-PUT y PATCH" time="1.339">
    <failure message="1 expectation failed.&#10;Expected status code &lt;200&gt; but was &lt;403&gt;.&#10;" type="java.lang.AssertionError"><![CDATA[java.lang.AssertionError: 
1 expectation failed.
Expected status code <200> but was <403>.

]]></failure>
    <system-out><![CDATA[
@ApiRest
Scenario: Actualizar un Libro Parcial                                      # src/test/resources/com.company/put-patch-libro.feature:16
HTTP/1.1 200 OK
Server: Cowboy
Connection: keep-alive
X-Powered-By: Express
Content-Type: application/json; charset=utf-8
Content-Length: 27
Etag: W/"1b-FlTsNe4kJwSfX8BzvS6X63yJGBQ"
Date: Tue, 24 Jan 2023 04:11:48 GMT
Via: 1.1 vegur

{
    "token": "9987a1b8b911d41"
}
  Given el sistema esta listo entonces enviamos un request                 # com.company.stepdefs.CommonStepdefs.elSistemaEstaListoEntoncesEnviamosUnRequest()
  When el sistema envia un request al servicio de Actualizar Libro Parcial # com.company.stepdefs.ActualizarLibroStepdefs.elSistemaEnviaUnRequestAlServicioDeActualizarLibroParcial(java.util.Map<java.lang.String, java.lang.String>)
    | firstname | Hernando |
    | lastname  | De Moura |
HTTP/1.1 403 Forbidden
Server: Cowboy
Connection: keep-alive
X-Powered-By: Express
Content-Type: text/plain; charset=utf-8
Content-Length: 9
Etag: W/"9-PatfYBLj4Um1qTm5zrukoLhNyPU"
Date: Tue, 24 Jan 2023 04:11:49 GMT
Via: 1.1 vegur

Forbidden
  Then el response Status deberia ser 200                                  # com.company.stepdefs.CommonStepdefs.elResponseStatusDeberiaSer(int)
      java.lang.AssertionError: 1 expectation failed.
Expected status code <200> but was <403>.

	at sun.reflect.NativeConstructorAccessorImpl.newInstance0(Native Method)
	at sun.reflect.NativeConstructorAccessorImpl.newInstance(NativeConstructorAccessorImpl.java:62)
	at sun.reflect.DelegatingConstructorAccessorImpl.newInstance(DelegatingConstructorAccessorImpl.java:45)
	at java.lang.reflect.Constructor.newInstance(Constructor.java:423)
	at org.codehaus.groovy.reflection.CachedConstructor.invoke(CachedConstructor.java:72)
	at org.codehaus.groovy.reflection.CachedConstructor.doConstructorInvoke(CachedConstructor.java:59)
	at org.codehaus.groovy.runtime.callsite.ConstructorSite$ConstructorSiteNoUnwrap.callConstructor(ConstructorSite.java:84)
	at org.codehaus.groovy.runtime.callsite.AbstractCallSite.callConstructor(AbstractCallSite.java:277)
	at io.restassured.internal.ResponseSpecificationImpl$HamcrestAssertionClosure.validate(ResponseSpecificationImpl.groovy:493)
	at io.restassured.internal.ResponseSpecificationImpl$HamcrestAssertionClosure$validate$1.call(Unknown Source)
	at io.restassured.internal.ResponseSpecificationImpl.validateResponseIfRequired(ResponseSpecificationImpl.groovy:674)
	at sun.reflect.GeneratedMethodAccessor190.invoke(Unknown Source)
	at sun.reflect.DelegatingMethodAccessorImpl.invoke(DelegatingMethodAccessorImpl.java:43)
	at java.lang.reflect.Method.invoke(Method.java:498)
	at org.codehaus.groovy.runtime.callsite.PlainObjectMetaMethodSite.doInvoke(PlainObjectMetaMethodSite.java:43)
	at org.codehaus.groovy.runtime.callsite.PogoMetaMethodSite$PogoCachedMethodSiteNoUnwrapNoCoerce.invoke(PogoMetaMethodSite.java:193)
	at org.codehaus.groovy.runtime.callsite.PogoMetaMethodSite.callCurrent(PogoMetaMethodSite.java:61)
	at org.codehaus.groovy.runtime.callsite.AbstractCallSite.callCurrent(AbstractCallSite.java:185)
	at io.restassured.internal.ResponseSpecificationImpl.statusCode(ResponseSpecificationImpl.groovy:126)
	at io.restassured.specification.ResponseSpecification$statusCode$0.callCurrent(Unknown Source)
	at io.restassured.internal.ResponseSpecificationImpl.statusCode(ResponseSpecificationImpl.groovy:134)
	at io.restassured.internal.ValidatableResponseOptionsImpl.statusCode(ValidatableResponseOptionsImpl.java:89)
	at io.restassured.internal.ValidatableResponseImpl.super$2$statusCode(ValidatableResponseImpl.groovy)
	at sun.reflect.GeneratedMethodAccessor189.invoke(Unknown Source)
	at sun.reflect.DelegatingMethodAccessorImpl.invoke(DelegatingMethodAccessorImpl.java:43)
	at java.lang.reflect.Method.invoke(Method.java:498)
	at org.codehaus.groovy.reflection.CachedMethod.invoke(CachedMethod.java:107)
	at groovy.lang.MetaMethod.doMethodInvoke(MetaMethod.java:323)
	at groovy.lang.MetaClassImpl.invokeMethod(MetaClassImpl.java:1262)
	at org.codehaus.groovy.runtime.ScriptBytecodeAdapter.invokeMethodOnSuperN(ScriptBytecodeAdapter.java:144)
	at io.restassured.internal.ValidatableResponseImpl.statusCode(ValidatableResponseImpl.groovy:142)
	at io.restassured.internal.ValidatableResponseImpl.statusCode(ValidatableResponseImpl.groovy)
	at com.company.stepdefs.CommonStepdefs.elResponseStatusDeberiaSer(CommonStepdefs.java:28)
	at âœ½.el response Status deberia ser 200(file:///D:/Restful_Booker_Julio/Restfulbooking_Cucumber/Restfulbooking_Cucumber/src/test/resources/com.company/put-patch-libro.feature:22)

-----------------End of Scenario-----------------
This will run after the every Scenario
]]></system-out>
  </testcase>
</testsuite>