<?xml version="1.0" encoding="UTF-8"?>
<testsuite xmlns:xsi="http://www.w3.org/2001/XMLSchema-instance" xsi:noNamespaceSchemaLocation="https://maven.apache.org/surefire/maven-surefire-plugin/xsd/surefire-test-report.xsd" name="com.company.RunCucumberTest" time="10.965" tests="4" errors="0" skipped="0" failures="0">
  <properties>
[...]
</properties>
  <testcase name="Ping API" classname="REST - Ping Api" time="3.436"/>
  <testcase name="Obtener id de libros" classname="REST - Obtener los id Libro y  detalle de libro por ID" time="5.571"/>
  <testcase name="Obtener detalle de Libro por Id" classname="REST - Obtener los id Libro y  detalle de libro por ID" time="0.009"/>
  <testcase name="Logueo Correcto" classname="REST - Logueo" time="0.496"/>
</testsuite>